# JRE version: OpenJDK Runtime Environment (11.0.12+7) (build 11.0.12+7-b1504.28-7817840)
# Java VM: OpenJDK 64-Bit Server VM (11.0.12+7-b1504.28-7817840, mixed mode, tiered, compressed oops, g1 gc, windows-amd64)
Heap:
 garbage-first heap   total 253952K, used 164303K [0x0000000080000000, 0x0000000100000000)
  region size 1024K, 142 young (145408K), 13 survivors (13312K)
 Metaspace       used 53062K, capacity 54338K, committed 54524K, reserved 1097728K
  class space    used 6745K, capacity 7235K, committed 7296K, reserved 1048576K
GC Heap History (10 events):
Event: 0.942 GC heap before
{Heap before GC invocations=0 (full 0):
 garbage-first heap   total 253952K, used 29696K [0x0000000080000000, 0x0000000100000000)
  region size 1024K, 24 young (24576K), 0 survivors (0K)
 Metaspace       used 10255K, capacity 10433K, committed 10624K, reserved 1058816K
  class space    used 1067K, capacity 1140K, committed 1152K, reserved 1048576K
}
Event: 0.947 GC heap after
{Heap after GC invocations=1 (full 0):
 garbage-first heap   total 253952K, used 9685K [0x0000000080000000, 0x0000000100000000)
  region size 1024K, 3 young (3072K), 3 survivors (3072K)
 Metaspace       used 10255K, capacity 10433K, committed 10624K, reserved 1058816K
  class space    used 1067K, capacity 1140K, committed 1152K, reserved 1048576K
}
Event: 3.948 GC heap before
{Heap before GC invocations=1 (full 0):
 garbage-first heap   total 253952K, used 113109K [0x0000000080000000, 0x0000000100000000)
  region size 1024K, 105 young (107520K), 3 survivors (3072K)
 Metaspace       used 20698K, capacity 21117K, committed 21296K, reserved 1069056K
  class space    used 2538K, capacity 2680K, committed 2688K, reserved 1048576K
}
Event: 3.960 GC heap after
{Heap after GC invocations=2 (full 0):
 garbage-first heap   total 253952K, used 17358K [0x0000000080000000, 0x0000000100000000)
  region size 1024K, 11 young (11264K), 11 survivors (11264K)
 Metaspace       used 20698K, capacity 21117K, committed 21296K, reserved 1069056K
  class space    used 2538K, capacity 2680K, committed 2688K, reserved 1048576K
}
Event: 4.094 GC heap before
{Heap before GC invocations=3 (full 0):
 garbage-first heap   total 253952K, used 28622K [0x0000000080000000, 0x0000000100000000)
  region size 1024K, 22 young (22528K), 11 survivors (11264K)
 Metaspace       used 22136K, capacity 22598K, committed 22832K, reserved 1069056K
  class space    used 2740K, capacity 2902K, committed 2944K, reserved 1048576K
}
Event: 4.100 GC heap after
{Heap after GC invocations=4 (full 0):
 garbage-first heap   total 253952K, used 18226K [0x0000000080000000, 0x0000000100000000)
  region size 1024K, 1 young (1024K), 1 survivors (1024K)
 Metaspace       used 22136K, capacity 22598K, committed 22832K, reserved 1069056K
  class space    used 2740K, capacity 2902K, committed 2944K, reserved 1048576K
}
Event: 5.587 GC heap before
{Heap before GC invocations=4 (full 0):
 garbage-first heap   total 253952K, used 119602K [0x0000000080000000, 0x0000000100000000)
  region size 1024K, 101 young (103424K), 1 survivors (1024K)
 Metaspace       used 34849K, capacity 35630K, committed 35708K, reserved 1081344K
  class space    used 4497K, capacity 4807K, committed 4864K, reserved 1048576K
}
Event: 5.601 GC heap after
{Heap after GC invocations=5 (full 0):
 garbage-first heap   total 253952K, used 22555K [0x0000000080000000, 0x0000000100000000)
  region size 1024K, 6 young (6144K), 6 survivors (6144K)
 Metaspace       used 34849K, capacity 35630K, committed 35708K, reserved 1081344K
  class space    used 4497K, capacity 4807K, committed 4864K, reserved 1048576K
}
Event: 8.132 GC heap before
{Heap before GC invocations=6 (full 0):
 garbage-first heap   total 253952K, used 143387K [0x0000000080000000, 0x0000000100000000)
  region size 1024K, 121 young (123904K), 6 survivors (6144K)
 Metaspace       used 45024K, capacity 46011K, committed 46332K, reserved 1089536K
  class space    used 5773K, capacity 6164K, committed 6272K, reserved 1048576K
}
Event: 8.140 GC heap after
{Heap after GC invocations=7 (full 0):
 garbage-first heap   total 253952K, used 30159K [0x0000000080000000, 0x0000000100000000)
  region size 1024K, 13 young (13312K), 13 survivors (13312K)
 Metaspace       used 45024K, capacity 46011K, committed 46332K, reserved 1089536K
  class space    used 5773K, capacity 6164K, committed 6272K, reserved 1048576K
}

